<?xml version="1.0" encoding="utf-8"?><testsuites name="pytest tests"><testsuite name="pytest" errors="0" failures="0" skipped="0" tests="20" time="10.349" timestamp="2026-04-06T17:44:09.280355+00:00" hostname="agent-env-349a9895-2463-475e-ae02-3ea5bb1441ca"><testcase classname="backend.tests.test_collections_swatches.TestAuth" name="test_brand_login" time="0.526" /><testcase classname="backend.tests.test_collections_swatches.TestAuth" name="test_manufacturer_login" time="0.358" /><testcase classname="backend.tests.test_collections_swatches.TestCollectionsAPI" name="test_list_collections" time="0.509" /><testcase classname="backend.tests.test_collections_swatches.TestCollectionsAPI" name="test_list_collections_by_season" time="0.456" /><testcase classname="backend.tests.test_collections_swatches.TestCollectionsAPI" name="test_get_collection_by_id" time="0.470" /><testcase classname="backend.tests.test_collections_swatches.TestCollectionsAPI" name="test_get_collection_analytics" time="0.490" /><testcase classname="backend.tests.test_collections_swatches.TestCollectionsAPI" name="test_create_collection" time="0.558" /><testcase classname="backend.tests.test_collections_swatches.TestCollectionsAPI" name="test_manufacturer_cannot_create_collection" time="0.468" /><testcase classname="backend.tests.test_collections_swatches.TestSwatchesAPI" name="test_list_swatches" time="0.440" /><testcase classname="backend.tests.test_collections_swatches.TestSwatchesAPI" name="test_list_swatches_with_filters" time="0.722" /><testcase classname="backend.tests.test_collections_swatches.TestSwatchesAPI" name="test_get_swatch_count" time="0.494" /><testcase classname="backend.tests.test_collections_swatches.TestSwatchesAPI" name="test_upload_swatch_manufacturer" time="0.468" /><testcase classname="backend.tests.test_collections_swatches.TestSwatchesAPI" name="test_brand_cannot_upload_swatch" time="0.447" /><testcase classname="backend.tests.test_collections_swatches.TestSwatchSelection" name="test_shortlist_swatches" time="0.601" /><testcase classname="backend.tests.test_collections_swatches.TestSwatchSelection" name="test_select_swatches" time="0.572" /><testcase classname="backend.tests.test_collections_swatches.TestSwatchSelection" name="test_manufacturer_cannot_select_swatches" time="0.530" /><testcase classname="backend.tests.test_collections_swatches.TestSupplierStats" name="test_get_supplier_stats" time="0.516" /><testcase classname="backend.tests.test_collections_swatches.TestSupplierStats" name="test_get_duplicate_swatches" time="0.554" /><testcase classname="backend.tests.test_collections_swatches.TestCollectionNotFound" name="test_get_nonexistent_collection" time="0.461" /><testcase classname="backend.tests.test_collections_swatches.TestCollectionNotFound" name="test_get_swatches_nonexistent_collection" time="0.508" /></testsuite></testsuites>