<?xml version="1.0" encoding="utf-8"?><testsuites name="pytest tests"><testsuite name="pytest" errors="0" failures="0" skipped="0" tests="11" time="1.889" timestamp="2026-04-07T04:32:53.287050+00:00" hostname="agent-env-349a9895-2463-475e-ae02-3ea5bb1441ca"><testcase classname="backend.tests.test_command_center.TestCommandCenterSuppliers" name="test_get_suppliers_success" time="0.517" /><testcase classname="backend.tests.test_command_center.TestCommandCenterSuppliers" name="test_get_suppliers_unauthorized" time="0.110" /><testcase classname="backend.tests.test_command_center.TestCommandCenterKPIs" name="test_get_kpis_success" time="0.256" /><testcase classname="backend.tests.test_command_center.TestCommandCenterKPIs" name="test_get_kpis_with_season_filter" time="0.121" /><testcase classname="backend.tests.test_command_center.TestCommandCenterOverview" name="test_get_overview_success" time="0.118" /><testcase classname="backend.tests.test_command_center.TestCommandCenterProduction" name="test_get_production_success" time="0.126" /><testcase classname="backend.tests.test_command_center.TestCommandCenterQuality" name="test_get_quality_success" time="0.102" /><testcase classname="backend.tests.test_command_center.TestCommandCenterDelivery" name="test_get_delivery_success" time="0.105" /><testcase classname="backend.tests.test_command_center.TestCommandCenterCompliance" name="test_get_compliance_success" time="0.133" /><testcase classname="backend.tests.test_command_center.TestCommandCenterReports" name="test_get_reports_success" time="0.115" /><testcase classname="backend.tests.test_command_center.TestCommandCenterAlerts" name="test_get_alerts_success" time="0.123" /></testsuite></testsuites>