<?xml version="1.0" encoding="utf-8"?><testsuites name="pytest tests"><testsuite name="pytest" errors="0" failures="0" skipped="1" tests="14" time="2.331" timestamp="2026-04-06T19:28:33.511116+00:00" hostname="agent-env-349a9895-2463-475e-ae02-3ea5bb1441ca"><testcase classname="tests.test_incoming.TestDashboardOverview" name="test_dashboard_overview_returns_stats" time="0.505" /><testcase classname="tests.test_incoming.TestDashboardOverview" name="test_dashboard_overview_requires_auth" time="0.121" /><testcase classname="tests.test_incoming.TestPOsWithShipments" name="test_pos_with_shipments_returns_list" time="0.116" /><testcase classname="tests.test_incoming.TestPOSummary" name="test_po_summary_returns_complete_data" time="0.142" /><testcase classname="tests.test_incoming.TestPOSummary" name="test_po_summary_not_found" time="0.116" /><testcase classname="tests.test_incoming.TestDeliveryPerformance" name="test_delivery_performance_returns_metrics" time="0.100" /><testcase classname="tests.test_incoming.TestSupplierLogistics" name="test_supplier_logistics_returns_list" time="0.129" /><testcase classname="tests.test_incoming.TestDistanceDeliveryAnalysis" name="test_distance_delivery_returns_analysis" time="0.129" /><testcase classname="tests.test_incoming.TestSimulateTracking" name="test_simulate_tracking_updates_location" time="0.109"><skipped type="pytest.skip" message="No active dispatches to simulate tracking">/app/backend/tests/test_incoming.py:254: No active dispatches to simulate tracking</skipped></testcase><testcase classname="tests.test_incoming.TestDestinations" name="test_get_destinations_returns_list" time="0.146" /><testcase classname="tests.test_incoming.TestAlerts" name="test_get_alerts_returns_list" time="0.142" /><testcase classname="tests.test_incoming.TestDispatches" name="test_get_dispatches_returns_list" time="0.116" /><testcase classname="tests.test_incoming.TestDispatches" name="test_get_dispatch_by_id" time="0.222" /><testcase classname="tests.test_incoming.TestInvoices" name="test_get_invoices_returns_list" time="0.171" /></testsuite></testsuites>