<?xml version="1.0" encoding="utf-8"?><testsuites name="pytest tests"><testsuite name="pytest" errors="0" failures="0" skipped="0" tests="22" time="4.977" timestamp="2026-04-06T18:34:03.078856+00:00" hostname="agent-env-349a9895-2463-475e-ae02-3ea5bb1441ca"><testcase classname="backend.tests.test_po_reports.TestPOReportsSummary" name="test_get_po_summary" time="0.561" /><testcase classname="backend.tests.test_po_reports.TestPOReportsAnalytics" name="test_get_po_analytics" time="0.124" /><testcase classname="backend.tests.test_po_reports.TestProductionReports" name="test_create_production_report" time="0.468" /><testcase classname="backend.tests.test_po_reports.TestProductionReports" name="test_get_production_reports" time="0.112" /><testcase classname="backend.tests.test_po_reports.TestProductionReports" name="test_get_production_report_by_id" time="0.208" /><testcase classname="backend.tests.test_po_reports.TestQualityReports" name="test_create_quality_report" time="0.129" /><testcase classname="backend.tests.test_po_reports.TestQualityReports" name="test_get_quality_reports" time="0.114" /><testcase classname="backend.tests.test_po_reports.TestQualityReports" name="test_high_dhu_creates_alert" time="0.225" /><testcase classname="backend.tests.test_po_reports.TestInspectionReports" name="test_create_inspection_report" time="0.112" /><testcase classname="backend.tests.test_po_reports.TestInspectionReports" name="test_get_inspection_reports" time="0.125" /><testcase classname="backend.tests.test_po_reports.TestInspectionReports" name="test_failed_inspection_creates_alert" time="0.322" /><testcase classname="backend.tests.test_po_reports.TestFabricTestReports" name="test_create_fabric_test_report" time="0.127" /><testcase classname="backend.tests.test_po_reports.TestFabricTestReports" name="test_get_fabric_test_reports" time="0.187" /><testcase classname="backend.tests.test_po_reports.TestTrimsReports" name="test_create_trims_report" time="0.104" /><testcase classname="backend.tests.test_po_reports.TestTrimsReports" name="test_get_trims_reports" time="0.113" /><testcase classname="backend.tests.test_po_reports.TestReportApproval" name="test_approve_production_report" time="0.258" /><testcase classname="backend.tests.test_po_reports.TestReportApproval" name="test_reject_quality_report" time="0.297" /><testcase classname="backend.tests.test_po_reports.TestReportAlerts" name="test_get_alerts" time="0.113" /><testcase classname="backend.tests.test_po_reports.TestReportAlerts" name="test_resolve_alert" time="0.254" /><testcase classname="backend.tests.test_po_reports.TestPOTimeline" name="test_get_timeline" time="0.114" /><testcase classname="backend.tests.test_po_reports.TestRoleBasedAccess" name="test_manufacturer_cannot_approve" time="0.286" /><testcase classname="backend.tests.test_po_reports.TestRoleBasedAccess" name="test_brand_can_view_all_reports" time="0.567" /></testsuite></testsuites>