<?xml version="1.0" encoding="utf-8"?><testsuites name="pytest tests"><testsuite name="pytest" errors="0" failures="1" skipped="0" tests="17" time="5.364" timestamp="2026-03-02T06:55:35.399584+00:00" hostname="agent-env-f999a844-cb19-4039-80dd-269795fd3404"><testcase classname="backend.tests.test_auth_dashboard.TestHealthCheck" name="test_health_endpoint" time="0.153" /><testcase classname="backend.tests.test_auth_dashboard.TestAuthentication" name="test_admin_login" time="0.358" /><testcase classname="backend.tests.test_auth_dashboard.TestAuthentication" name="test_manufacturer_login" time="0.336" /><testcase classname="backend.tests.test_auth_dashboard.TestAuthentication" name="test_brand_login" time="0.325" /><testcase classname="backend.tests.test_auth_dashboard.TestAuthentication" name="test_auditor_login" time="0.327" /><testcase classname="backend.tests.test_auth_dashboard.TestAuthentication" name="test_login_invalid_credentials" time="0.099" /><testcase classname="backend.tests.test_auth_dashboard.TestUserRegistration" name="test_register_new_manufacturer" time="0.346" /><testcase classname="backend.tests.test_auth_dashboard.TestUserRegistration" name="test_register_duplicate_email" time="0.105" /><testcase classname="backend.tests.test_auth_dashboard.TestAdminDashboard" name="test_admin_dashboard" time="0.382" /><testcase classname="backend.tests.test_auth_dashboard.TestAdminDashboard" name="test_admin_dashboard_unauthorized" time="0.096"><failure message="assert 403 == 401&#10; +  where 403 = &lt;Response [403]&gt;.status_code">backend/tests/test_auth_dashboard.py:161: in test_admin_dashboard_unauthorized
    assert response.status_code == 401
E   assert 403 == 401
E    +  where 403 = &lt;Response [403]&gt;.status_code</failure></testcase><testcase classname="backend.tests.test_auth_dashboard.TestManufacturerDashboard" name="test_manufacturer_dashboard" time="0.389" /><testcase classname="backend.tests.test_auth_dashboard.TestBrandDashboard" name="test_brand_dashboard" time="0.376" /><testcase classname="backend.tests.test_auth_dashboard.TestAuditorDashboard" name="test_auditor_dashboard" time="0.379" /><testcase classname="backend.tests.test_auth_dashboard.TestAuthMe" name="test_get_me" time="0.378" /><testcase classname="backend.tests.test_auth_dashboard.TestLogout" name="test_logout" time="0.392" /><testcase classname="backend.tests.test_auth_dashboard.TestRoleBasedAccess" name="test_manufacturer_cannot_access_admin_dashboard" time="0.394" /><testcase classname="backend.tests.test_auth_dashboard.TestPendingUsers" name="test_get_pending_users" time="0.382" /></testsuite></testsuites>