<?xml version="1.0" encoding="utf-8"?><testsuites name="pytest tests"><testsuite name="pytest" errors="0" failures="0" skipped="0" tests="17" time="5.262" timestamp="2026-03-02T06:57:39.971599+00:00" hostname="agent-env-f999a844-cb19-4039-80dd-269795fd3404"><testcase classname="backend.tests.test_auth_dashboard.TestHealthCheck" name="test_health_endpoint" time="0.153" /><testcase classname="backend.tests.test_auth_dashboard.TestAuthentication" name="test_admin_login" time="0.330" /><testcase classname="backend.tests.test_auth_dashboard.TestAuthentication" name="test_manufacturer_login" time="0.339" /><testcase classname="backend.tests.test_auth_dashboard.TestAuthentication" name="test_brand_login" time="0.332" /><testcase classname="backend.tests.test_auth_dashboard.TestAuthentication" name="test_auditor_login" time="0.326" /><testcase classname="backend.tests.test_auth_dashboard.TestAuthentication" name="test_login_invalid_credentials" time="0.103" /><testcase classname="backend.tests.test_auth_dashboard.TestUserRegistration" name="test_register_new_manufacturer" time="0.331" /><testcase classname="backend.tests.test_auth_dashboard.TestUserRegistration" name="test_register_duplicate_email" time="0.113" /><testcase classname="backend.tests.test_auth_dashboard.TestAdminDashboard" name="test_admin_dashboard" time="0.379" /><testcase classname="backend.tests.test_auth_dashboard.TestAdminDashboard" name="test_admin_dashboard_unauthorized" time="0.098" /><testcase classname="backend.tests.test_auth_dashboard.TestManufacturerDashboard" name="test_manufacturer_dashboard" time="0.367" /><testcase classname="backend.tests.test_auth_dashboard.TestBrandDashboard" name="test_brand_dashboard" time="0.378" /><testcase classname="backend.tests.test_auth_dashboard.TestAuditorDashboard" name="test_auditor_dashboard" time="0.389" /><testcase classname="backend.tests.test_auth_dashboard.TestAuthMe" name="test_get_me" time="0.386" /><testcase classname="backend.tests.test_auth_dashboard.TestLogout" name="test_logout" time="0.374" /><testcase classname="backend.tests.test_auth_dashboard.TestRoleBasedAccess" name="test_manufacturer_cannot_access_admin_dashboard" time="0.382" /><testcase classname="backend.tests.test_auth_dashboard.TestPendingUsers" name="test_get_pending_users" time="0.390" /></testsuite></testsuites>