<?xml version="1.0" encoding="utf-8"?><testsuites name="pytest tests"><testsuite name="pytest" errors="0" failures="0" skipped="0" tests="14" time="6.295" timestamp="2026-03-02T07:38:15.774561+00:00" hostname="agent-env-349a9895-2463-475e-ae02-3ea5bb1441ca"><testcase classname="backend.tests.test_supplier_po.TestSupplierLogin" name="test_supplier_login" time="0.400" /><testcase classname="backend.tests.test_supplier_po.TestSupplierEndpoints" name="test_get_suppliers_as_brand" time="0.376" /><testcase classname="backend.tests.test_supplier_po.TestSupplierEndpoints" name="test_get_suppliers_as_admin" time="0.400" /><testcase classname="backend.tests.test_supplier_po.TestSupplierEndpoints" name="test_get_supplier_stats_as_admin" time="0.384" /><testcase classname="backend.tests.test_supplier_po.TestPurchaseOrderEndpoints" name="test_get_pos_as_brand" time="0.371" /><testcase classname="backend.tests.test_supplier_po.TestPurchaseOrderEndpoints" name="test_get_pos_as_supplier" time="0.396" /><testcase classname="backend.tests.test_supplier_po.TestPurchaseOrderEndpoints" name="test_get_po_stats_as_brand" time="0.393" /><testcase classname="backend.tests.test_supplier_po.TestPurchaseOrderEndpoints" name="test_get_po_stats_as_supplier" time="0.368" /><testcase classname="backend.tests.test_supplier_po.TestCreatePurchaseOrder" name="test_create_po_as_brand" time="0.740" /><testcase classname="backend.tests.test_supplier_po.TestPOAcceptReject" name="test_accept_po_as_supplier" time="0.815" /><testcase classname="backend.tests.test_supplier_po.TestAdminDashboardSupplierStats" name="test_admin_dashboard_has_supplier_stats" time="0.431" /><testcase classname="backend.tests.test_supplier_po.TestRegistrationWithSupplierRole" name="test_register_as_supplier" time="0.345" /><testcase classname="backend.tests.test_supplier_po.TestRoleBasedAccessControl" name="test_brand_cannot_accept_po" time="0.421" /><testcase classname="backend.tests.test_supplier_po.TestRoleBasedAccessControl" name="test_supplier_cannot_create_po" time="0.376" /></testsuite></testsuites>