<?xml version="1.0" encoding="utf-8"?><testsuites name="pytest tests"><testsuite name="pytest" errors="0" failures="3" skipped="0" tests="14" time="6.037" timestamp="2026-03-02T07:37:49.197237+00:00" hostname="agent-env-349a9895-2463-475e-ae02-3ea5bb1441ca"><testcase classname="backend.tests.test_supplier_po.TestSupplierLogin" name="test_supplier_login" time="0.481" /><testcase classname="backend.tests.test_supplier_po.TestSupplierEndpoints" name="test_get_suppliers_as_brand" time="0.380" /><testcase classname="backend.tests.test_supplier_po.TestSupplierEndpoints" name="test_get_suppliers_as_admin" time="0.390" /><testcase classname="backend.tests.test_supplier_po.TestSupplierEndpoints" name="test_get_supplier_stats_as_admin" time="0.387"><failure message="AssertionError: Get supplier stats failed: {&quot;detail&quot;:&quot;Not Found&quot;}&#10;assert 404 == 200&#10; +  where 404 = &lt;Response [404]&gt;.status_code">backend/tests/test_supplier_po.py:113: in test_get_supplier_stats_as_admin
    assert response.status_code == 200, f"Get supplier stats failed: {response.text}"
E   AssertionError: Get supplier stats failed: {"detail":"Not Found"}
E   assert 404 == 200
E    +  where 404 = &lt;Response [404]&gt;.status_code</failure></testcase><testcase classname="backend.tests.test_supplier_po.TestPurchaseOrderEndpoints" name="test_get_pos_as_brand" time="0.399" /><testcase classname="backend.tests.test_supplier_po.TestPurchaseOrderEndpoints" name="test_get_pos_as_supplier" time="0.373" /><testcase classname="backend.tests.test_supplier_po.TestPurchaseOrderEndpoints" name="test_get_po_stats_as_brand" time="0.395"><failure message="AssertionError: Get PO stats failed: {&quot;detail&quot;:&quot;Not Found&quot;}&#10;assert 404 == 200&#10; +  where 404 = &lt;Response [404]&gt;.status_code">backend/tests/test_supplier_po.py:163: in test_get_po_stats_as_brand
    assert response.status_code == 200, f"Get PO stats failed: {response.text}"
E   AssertionError: Get PO stats failed: {"detail":"Not Found"}
E   assert 404 == 200
E    +  where 404 = &lt;Response [404]&gt;.status_code</failure></testcase><testcase classname="backend.tests.test_supplier_po.TestPurchaseOrderEndpoints" name="test_get_po_stats_as_supplier" time="0.386"><failure message="AssertionError: Get PO stats failed: {&quot;detail&quot;:&quot;Not Found&quot;}&#10;assert 404 == 200&#10; +  where 404 = &lt;Response [404]&gt;.status_code">backend/tests/test_supplier_po.py:174: in test_get_po_stats_as_supplier
    assert response.status_code == 200, f"Get PO stats failed: {response.text}"
E   AssertionError: Get PO stats failed: {"detail":"Not Found"}
E   assert 404 == 200
E    +  where 404 = &lt;Response [404]&gt;.status_code</failure></testcase><testcase classname="backend.tests.test_supplier_po.TestCreatePurchaseOrder" name="test_create_po_as_brand" time="0.421" /><testcase classname="backend.tests.test_supplier_po.TestPOAcceptReject" name="test_accept_po_as_supplier" time="0.750" /><testcase classname="backend.tests.test_supplier_po.TestAdminDashboardSupplierStats" name="test_admin_dashboard_has_supplier_stats" time="0.429" /><testcase classname="backend.tests.test_supplier_po.TestRegistrationWithSupplierRole" name="test_register_as_supplier" time="0.320" /><testcase classname="backend.tests.test_supplier_po.TestRoleBasedAccessControl" name="test_brand_cannot_accept_po" time="0.441" /><testcase classname="backend.tests.test_supplier_po.TestRoleBasedAccessControl" name="test_supplier_cannot_create_po" time="0.373" /></testsuite></testsuites>