<?xml version="1.0" encoding="utf-8"?><testsuites name="pytest tests"><testsuite name="pytest" errors="0" failures="0" skipped="0" tests="20" time="6.468" timestamp="2026-04-06T18:12:40.017437+00:00" hostname="agent-env-349a9895-2463-475e-ae02-3ea5bb1441ca"><testcase classname="tests.test_traceability.TestTraceabilityAuth" name="test_brand_login" time="0.500" /><testcase classname="tests.test_traceability.TestTraceabilityAuth" name="test_manufacturer_login" time="0.348" /><testcase classname="tests.test_traceability.TestTraceabilityOverview" name="test_get_overview_stats" time="0.472" /><testcase classname="tests.test_traceability.TestTraceabilityPO" name="test_get_traceability_by_po" time="0.468" /><testcase classname="tests.test_traceability.TestTraceabilityPO" name="test_create_or_get_traceability" time="0.112" /><testcase classname="tests.test_traceability.TestTraceabilityPO" name="test_update_supply_chain_stages" time="0.169" /><testcase classname="tests.test_traceability.TestTraceabilityPO" name="test_verify_supply_chain_update_persisted" time="0.135" /><testcase classname="tests.test_traceability.TestTraceabilityPO" name="test_manufacturer_can_access_traceability" time="0.503" /><testcase classname="tests.test_traceability.TestTraceabilityAlerts" name="test_get_alerts" time="0.444" /><testcase classname="tests.test_traceability.TestTraceabilityAlerts" name="test_get_alerts_by_po" time="0.104" /><testcase classname="tests.test_traceability.TestTraceabilityAlerts" name="test_get_alerts_by_severity" time="0.101" /><testcase classname="tests.test_traceability.TestTraceabilityDocuments" name="test_get_documents" time="0.487" /><testcase classname="tests.test_traceability.TestTraceabilitySeasons" name="test_get_season_traceability" time="0.590" /><testcase classname="tests.test_traceability.TestTraceabilitySeasons" name="test_get_season_pos_traceability" time="0.115" /><testcase classname="tests.test_traceability.TestTraceabilitySuppliers" name="test_update_tier_suppliers" time="0.480" /><testcase classname="tests.test_traceability.TestTraceabilitySuppliers" name="test_verify_suppliers_persisted" time="0.126" /><testcase classname="tests.test_traceability.TestTraceabilityMaterials" name="test_update_material_details" time="0.460" /><testcase classname="tests.test_traceability.TestTraceabilityMaterials" name="test_verify_materials_persisted" time="0.112" /><testcase classname="tests.test_traceability.TestTraceabilityScoreCalculation" name="test_score_increases_with_data" time="0.442" /><testcase classname="tests.test_traceability.TestTraceabilityScoreCalculation" name="test_status_reflects_score" time="0.111" /></testsuite></testsuites>